<?xml version="1.0" encoding="UTF-8"?>
<!-- Generated by org.testng.reporters.JUnitXMLReporter -->
<testsuite hostname="DESKTOP-5TM7M6R" ignored="2" tests="1" failures="0" timestamp="27 Nov 2022 08:39:17 GMT" time="4.473" errors="0">
  <testcase name="division" time="4.446" classname="Fourth_calculateTest"/>
  <testcase name="Multiplication" time="0.0" classname="Fourth_calculateTest">
    <ignored/>
  </testcase> <!-- Multiplication -->
  <testcase name="addition" time="0.0" classname="Fourth_calculateTest">
    <ignored/>
  </testcase> <!-- addition -->
</testsuite>
