<?xml version="1.0" encoding="UTF-8"?>
<!-- Generated by org.testng.reporters.JUnitXMLReporter -->
<testsuite hostname="DESKTOP-5TM7M6R" ignored="0" name="TestReport1" tests="3" failures="0" timestamp="27 Nov 2022 09:40:28 GMT" time="13.179" errors="0">
  <testcase name="Multiplication" time="4.453" classname="ThirdTest.Fourth_calculateTest"/>
  <testcase name="division" time="4.396" classname="ThirdTest.Fourth_calculateTest"/>
  <testcase name="addition" time="4.314" classname="ThirdTest.Fourth_calculateTest"/>
</testsuite> <!-- TestReport1 -->
