<?xml version="1.0" encoding="UTF-8"?>
<!-- Generated by org.testng.reporters.JUnitXMLReporter -->
<testsuite hostname="DESKTOP-5TM7M6R" ignored="0" name="chrometest" tests="5" failures="0" timestamp="29 Nov 2022 09:04:09 GMT" time="54.47" errors="0">
  <testcase name="validateLogin" time="14.45" classname="DataPackage1.crossBrowserTest"/>
  <testcase name="validateLogin" time="6.772" classname="DataPackage1.crossBrowserTest"/>
  <testcase name="validateLogin" time="5.797" classname="DataPackage1.crossBrowserTest"/>
  <testcase name="validateLogin" time="4.895" classname="DataPackage1.crossBrowserTest"/>
  <testcase name="validateLogin" time="5.921" classname="DataPackage1.crossBrowserTest"/>
</testsuite> <!-- chrometest -->
