<?xml version="1.0" encoding="UTF-8"?>
<!-- Generated by org.testng.reporters.JUnitXMLReporter -->
<testsuite hostname="DESKTOP-5TM7M6R" ignored="0" name="Firefoxtest" tests="5" failures="0" timestamp="29 Nov 2022 09:05:10 GMT" time="60.426" errors="0">
  <testcase name="validateLogin" time="12.686" classname="DataPackage1.crossBrowserTest"/>
  <testcase name="validateLogin" time="5.569" classname="DataPackage1.crossBrowserTest"/>
  <testcase name="validateLogin" time="5.112" classname="DataPackage1.crossBrowserTest"/>
  <testcase name="validateLogin" time="4.489" classname="DataPackage1.crossBrowserTest"/>
  <testcase name="validateLogin" time="6.597" classname="DataPackage1.crossBrowserTest"/>
</testsuite> <!-- Firefoxtest -->
